[2016-04-12 23:14:31] WARNING: Top Bar > tyler.lake@pavati.com is already subscribed to the selected list(s)
[2016-06-09 22:19:09] ERROR: Form 17718 > MailChimp API error: List_RoleEmailMember: test@test.com is an invalid email address and cannot be imported.
[2016-06-09 22:19:30] ERROR: Form 17718 > MailChimp API error: List_RoleEmailMember: test@test.com is an invalid email address and cannot be imported.
[2016-06-09 22:33:56] WARNING: Form 17718 > ********************highwayproducts.com is already subscribed to the selected list(s)
[2016-06-09 22:34:43] WARNING: Form 17718 > ********************highwayproducts.com is already subscribed to the selected list(s)
[2016-06-09 22:35:32] WARNING: Form 17718 > ********************highwayproducts.com is already subscribed to the selected list(s)
[2016-06-11 05:36:26] WARNING: Form 17718 > *********d@aol.com is already subscribed to the selected list(s)
[2016-06-29 19:19:37] ERROR: Form 17718 > MailChimp API error: Error connecting to MailChimp. Operation timed out after 10158 milliseconds with 0 out of -1 bytes received
[2016-07-13 00:03:54] WARNING: Form 17718 > *************campbell.com is already subscribed to the selected list(s)
[2016-07-28 09:40:42] WARNING: Form 17718 > ************er@gmail.com is already subscribed to the selected list(s)
[2016-07-28 09:41:06] WARNING: Form 17718 > ************er@gmail.com is already subscribed to the selected list(s)
[2016-08-01 18:51:30] WARNING: Form 17718 > *************@hotmail.com is already subscribed to the selected list(s)
[2016-08-09 19:54:42] WARNING: Form 17718 > **********@gmail.com is already subscribed to the selected list(s)
[2016-08-11 18:46:53] WARNING: Form 17718 > ***********@yahoo.com is already subscribed to the selected list(s)
[2016-08-18 15:58:41] WARNING: Form 17718 > **********scsite.com is already subscribed to the selected list(s)
[2016-08-19 23:10:53] WARNING: Form 17718 > ***********@gmail.com is already subscribed to the selected list(s)
[2016-08-20 22:12:47] WARNING: Form 17718 > ***********otmail.com is already subscribed to the selected list(s)
[2016-08-20 22:22:19] WARNING: Form 17718 > ***********otmail.com is already subscribed to the selected list(s)
[2016-08-23 05:42:44] WARNING: Form 17718 > **************80@hotmail.com is already subscribed to the selected list(s)
[2016-08-30 04:52:29] WARNING: Form 17718 > ************NT@GMAIL.COM is already subscribed to the selected list(s)
[2016-09-03 18:11:30] WARNING: Form 17718 > ************hotmail.com is already subscribed to the selected list(s)
